Build started 03.06.2012 14:25:24.
     1>Project "D:\mera-im++qt\mera-im++qt\qtserver.vcxproj" on node 2 (build target(s)).
     1>InitializeBuildStatus:
         Creating "Win32\qtserver.unsuccessfulbuild" because "AlwaysCreate" was specified.
       CustomBuild:
         Uic'ing qtserver.ui...
       ClCompile:
         C:\Program Files\Microsoft Visual Studio 10.0\VC\bin\CL.exe /c /ID:\QtSDK\Desktop\Qt\4.8.1\msvc2010\include\QtCore /ID:\QtSDK\Desktop\Qt\4.8.1\msvc2010\include\QtNetwork /ID:\QtSDK\Desktop\Qt\4.8.1\msvc2010\include\QtGui /ID:\QtSDK\Desktop\Qt\4.8.1\msvc2010\include /I.\debug /I".\..\..\QtSDK\Desktop\Qt\4.8.1\msvc2010\mkspecs\win32-msvc2010" /I.\GeneratedFiles /ID:\QtSDK\Desktop\Qt\4.8.1\msvc2010\include\ActiveQt /Zi /nologo /W3 /WX- /O2 /Oy- /D _WINDOWS /D UNICODE /D WIN32 /D QT_LARGEFILE_SUPPORT /D _WINDOWS /D QT_LARGEFILE_SUPPORT /D QT_DLL /D QT_NETWORK_LIB /D QT_HAVE_MMX /D QT_HAVE_3DNOW /D QT_HAVE_SSE /D QT_HAVE_MMXEXT /D QT_HAVE_SSE2 /D QT_DLL /D QT_GUI_LIB /D QT_CORE_LIB /D QT_HAVE_MMX /D QT_HAVE_3DNOW /D QT_HAVE_SSE /D QT_HAVE_MMXEXT /D QT_HAVE_SSE2 /D QT_THREAD_SUPPORT /Gm- /EHsc /MDd /GS- /fp:precise /Zc:wchar_t- /Zc:forScope /GR /Fo"Win32\\" /Fd"Win32\vc100.pdb" /Gd /TP /analyze- /errorReport:prompt qtserver.cpp -Zm200 -w34100 -w34189 
         qtserver.cpp
       Link:
         C:\Program Files\Microsoft Visual Studio 10.0\VC\bin\link.exe /ERRORREPORT:PROMPT /OUT:"debug\\qtserver.exe" /NOLOGO /LIBPATH:D:\QtSDK\Desktop\Qt\4.8.1\msvc2010\lib /LIBPATH:D:\QtSDK\Desktop\Qt\4.8.1\msvc2010\lib D:\QtSDK\Desktop\Qt\4.8.1\msvc2010\lib\qtmaind.lib D:\QtSDK\Desktop\Qt\4.8.1\msvc2010\lib\QtGuid4.lib D:\QtSDK\Desktop\Qt\4.8.1\msvc2010\lib\QtNetworkd4.lib D:\QtSDK\Desktop\Qt\4.8.1\msvc2010\lib\QtCored4.lib kernel32.lib user32.lib gdi32.lib winspool.lib comdlg32.lib advapi32.lib shell32.lib ole32.lib oleaut32.lib uuid.lib odbc32.lib odbccp32.lib /MANIFEST /ManifestFile:"Win32\qtserver.exe.intermediate.manifest" /MANIFESTUAC:"level='asInvoker' uiAccess='false'" /DEBUG /PDB:"D:\mera-im++qt\mera-im++qt\debug\qtserver.pdb" /SUBSYSTEM:WINDOWS /TLBID:1 /DYNAMICBASE /NXCOMPAT /MACHINE:X86 Win32\cClient.obj
         Win32\cClientsList.obj
         Win32\cEvent.obj
         Win32\cMessageManager.obj
         Win32\cQServer.obj
         Win32\cUtils.obj
         Win32\moc_cQServer.obj
         Win32\moc_qtserver.obj
         Win32\main.obj
         Win32\qtserver.obj "/MANIFESTDEPENDENCY:type='win32' name='Microsoft.Windows.Common-Controls' version='6.0.0.0' publicKeyToken='6595b64144ccf1df' language='*' processorArchitecture='*'" 
         LINK : debug\\qtserver.exe not found or not built by the last incremental link; performing full link
     1>qtmaind.lib(qtmain_win.obj) : warning LNK4099: PDB 'vc100.pdb' was not found with 'qtmaind.lib(qtmain_win.obj)' or at 'D:\mera-im++qt\mera-im++qt\debug\vc100.pdb'; linking object as if no debug info
         qtserver.vcxproj -> D:\mera-im++qt\mera-im++qt\debug\qtserver.exe
       Manifest:
         C:\Program Files\Microsoft SDKs\Windows\v7.0A\bin\mt.exe /nologo /verbose /outputresource:"debug\\qtserver.exe;#1" /manifest Win32\qtserver.exe.intermediate.manifest
       FinalizeBuildStatus:
         Deleting file "Win32\qtserver.unsuccessfulbuild".
         Touching "Win32\qtserver.lastbuildstate".
     1>Done Building Project "D:\mera-im++qt\mera-im++qt\qtserver.vcxproj" (build target(s)).

Build succeeded.

Time Elapsed 00:00:02.94
